[debug] [2023-03-26T15:47:05.100Z] ----------------------------------------------------------------------
[debug] [2023-03-26T15:47:05.103Z] Command:       C:\Program Files\nodejs\node.exe C:\Users\User\AppData\Roaming\npm\node_modules\firebase-tools\lib\bin\firebase.js init
[debug] [2023-03-26T15:47:05.103Z] CLI Version:   11.25.1
[debug] [2023-03-26T15:47:05.104Z] Platform:      win32
[debug] [2023-03-26T15:47:05.104Z] Node Version:  v18.15.0
[debug] [2023-03-26T15:47:05.105Z] Time:          Sun Mar 26 2023 21:47:05 GMT+0600 (Bangladesh Standard Time)
[debug] [2023-03-26T15:47:05.105Z] ----------------------------------------------------------------------
[debug] 
[debug] [2023-03-26T15:47:05.114Z] > command requires scopes: ["email","openid","https://www.googleapis.com/auth/cloudplatformprojects.readonly","https://www.googleapis.com/auth/firebase","https://www.googleapis.com/auth/cloud-platform"]
[debug] [2023-03-26T15:47:05.114Z] > authorizing via signed-in user (aminulkupa50@gmail.com)
[info] 
     ######## #### ########  ######## ########     ###     ######  ########
     ##        ##  ##     ## ##       ##     ##  ##   ##  ##       ##
     ######    ##  ########  ######   ########  #########  ######  ######
     ##        ##  ##    ##  ##       ##     ## ##     ##       ## ##
     ##       #### ##     ## ######## ########  ##     ##  ######  ########

You're about to initialize a Firebase project in this directory:

  C:\Projects\E-commers site\furniture-client-site

Before we get started, keep in mind:

  * You are currently outside your home directory

[info] 
=== Project Setup
[info] 
[info] First, let's associate this project directory with a Firebase project.
[info] You can create multiple project aliases by running firebase use --add, 
[info] but for now we'll just set up a default project.
[info] 
[debug] [2023-03-26T15:47:36.019Z] >>> [apiv2][query] GET https://firebase.googleapis.com/v1beta1/projects pageSize=100
[debug] [2023-03-26T15:47:37.102Z] <<< [apiv2][status] GET https://firebase.googleapis.com/v1beta1/projects 200
[debug] [2023-03-26T15:47:37.103Z] <<< [apiv2][body] GET https://firebase.googleapis.com/v1beta1/projects [omitted]
[info] i  Using project resale-e20b3 (resale) 
[info] 
=== Hosting Setup
[info] 
[info] Your public directory is the folder (relative to your project directory) that
[info] will contain Hosting assets to be uploaded with firebase deploy. If you
[info] have a build process for your assets, use your build's output directory.
[info] 
